
> build
> next build

info  - Loaded env from /Users/nurvel/Documents/repos/nurvel/coffee-o-meter/.env.production.local
info  - Skipping validation of types
info  - Linting...
info  - Creating an optimized production build...
info  - Compiled successfully
info  - Collecting page data...
info  - Generating static pages (0/2)
info  - Generating static pages (2/2)
info  - Finalizing page optimization...

Route (pages)                              Size     First Load JS
┌ λ /                                      43.6 kB         141 kB
├   /_app                                  0 B            97.1 kB
├ ○ /404                                   181 B          97.3 kB
├ λ /api/v1/_brewService                   0 B            97.1 kB
├ λ /api/v1/_factService                   0 B            97.1 kB
├ λ /api/v1/_slackService                  0 B            97.1 kB
├ λ /api/v1/brews                          0 B            97.1 kB
├ λ /api/v1/brews/latest                   0 B            97.1 kB
└ λ /stats                                 380 B          97.5 kB
    └ css/ef46db3751d8e999.css             20 B
+ First Load JS shared by all              97.1 kB
  ├ chunks/framework-3b5a00d5d7e8d93b.js   45.4 kB
  ├ chunks/main-b482fffd82fa7e1c.js        26.7 kB
  ├ chunks/pages/_app-0207381228432a15.js  24.1 kB
  └ chunks/webpack-c4acd79e87956a0e.js     943 B

λ  (Server)  server-side renders at runtime (uses getInitialProps or getServerSideProps)
○  (Static)  automatically rendered as static HTML (uses no initial props)

